[debug] [2022-07-28T21:50:14.917Z] ----------------------------------------------------------------------
[debug] [2022-07-28T21:50:14.919Z] Command:       C:\Program Files\nodejs\node.exe C:\Users\rober\AppData\Roaming\npm\node_modules\firebase-tools\lib\bin\firebase.js init
[debug] [2022-07-28T21:50:14.920Z] CLI Version:   11.0.1
[debug] [2022-07-28T21:50:14.920Z] Platform:      win32
[debug] [2022-07-28T21:50:14.920Z] Node Version:  v16.13.2
[debug] [2022-07-28T21:50:14.922Z] Time:          Thu Jul 28 2022 18:50:14 GMT-0300 (hora estándar de Argentina)
[debug] [2022-07-28T21:50:14.923Z] ----------------------------------------------------------------------
[debug] 
[debug] [2022-07-28T21:50:14.926Z] >>> [apiv2][query] GET https://firebase-public.firebaseio.com/cli.json [none]
[debug] [2022-07-28T21:50:15.005Z] > command requires scopes: ["email","openid","https://www.googleapis.com/auth/cloudplatformprojects.readonly","https://www.googleapis.com/auth/firebase","https://www.googleapis.com/auth/cloud-platform"]
[debug] [2022-07-28T21:50:15.005Z] > authorizing via signed-in user (robertogonzalez.ar@gmail.com)
[info] 
     ######## #### ########  ######## ########     ###     ######  ########
     ##        ##  ##     ## ##       ##     ##  ##   ##  ##       ##
     ######    ##  ########  ######   ########  #########  ######  ######
     ##        ##  ##    ##  ##       ##     ## ##     ##       ## ##
     ##       #### ##     ## ######## ########  ##     ##  ######  ########

You're about to initialize a Firebase project in this directory:

  D:\GitHub\PFAP\PI-RCG-FrontEnd

Before we get started, keep in mind:

  * You are initializing within an existing Firebase project directory

[debug] [2022-07-28T21:50:15.459Z] <<< [apiv2][status] GET https://firebase-public.firebaseio.com/cli.json 200
[debug] [2022-07-28T21:50:15.459Z] <<< [apiv2][body] GET https://firebase-public.firebaseio.com/cli.json {"cloudBuildErrorAfter":1594252800000,"cloudBuildWarnAfter":1590019200000,"defaultNode10After":1594252800000,"minVersion":"3.0.5","node8DeploysDisabledAfter":1613390400000,"node8RuntimeDisabledAfter":1615809600000,"node8WarnAfter":1600128000000}
[info] 
=== Project Setup
[info] 
[info] First, let's associate this project directory with a Firebase project.
[info] You can create multiple project aliases by running firebase use --add, 
[info] but for now we'll just set up a default project.
[info] 
[debug] [2022-07-28T21:51:09.388Z] Using project from CLI flag: deploy-portfolio-aab53
[debug] [2022-07-28T21:51:09.390Z] > refreshing access token with scopes: []
[debug] [2022-07-28T21:51:09.390Z] >>> HTTP REQUEST POST https://www.googleapis.com/oauth2/v3/token  
 <request body omitted>
[debug] [2022-07-28T21:51:09.620Z] <<< HTTP RESPONSE 200 {"expires":"Mon, 01 Jan 1990 00:00:00 GMT","pragma":"no-cache","cache-control":"no-cache, no-store, max-age=0, must-revalidate","date":"Thu, 28 Jul 2022 21:51:10 GMT","content-type":"application/json; charset=utf-8","vary":"X-Origin, Referer, Origin,Accept-Encoding","server":"scaffolding on HTTPServer2","x-xss-protection":"0","x-frame-options":"SAMEORIGIN","x-content-type-options":"nosniff","alt-svc":"h3=\":443\"; ma=2592000,h3-29=\":443\"; ma=2592000,h3-Q050=\":443\"; ma=2592000,h3-Q046=\":443\"; ma=2592000,h3-Q043=\":443\"; ma=2592000,quic=\":443\"; ma=2592000; v=\"46,43\"","accept-ranges":"none","transfer-encoding":"chunked"}
[debug] [2022-07-28T21:51:09.639Z] >>> [apiv2][query] GET https://firebase.googleapis.com/v1beta1/projects/deploy-portfolio-aab53 [none]
[debug] [2022-07-28T21:51:10.141Z] <<< [apiv2][status] GET https://firebase.googleapis.com/v1beta1/projects/deploy-portfolio-aab53 200
[debug] [2022-07-28T21:51:10.141Z] <<< [apiv2][body] GET https://firebase.googleapis.com/v1beta1/projects/deploy-portfolio-aab53 {"projectId":"deploy-portfolio-aab53","projectNumber":"962772014946","displayName":"deploy-portfolio","name":"projects/deploy-portfolio-aab53","resources":{"hostingSite":"deploy-portfolio-aab53"},"state":"ACTIVE","etag":"1_9c51248f-6134-4cfe-821f-5f6d3594cd8e"}
[info] i  Using project deploy-portfolio-aab53 (deploy-portfolio) 
[info] 
=== Hosting Setup
[info] 
[info] Your public directory is the folder (relative to your project directory) that
[info] will contain Hosting assets to be uploaded with firebase deploy. If you
[info] have a build process for your assets, use your build's output directory.
[info] 
[debug] [2022-07-28T21:51:27.107Z] Error: kill ENOSYS
    at process.kill (node:internal/process/per_thread:215:13)
    at process.listener (C:\Users\rober\AppData\Roaming\npm\node_modules\firebase-tools\node_modules\signal-exit\index.js:95:15)
    at process.emit (node:events:390:28)
[error] 
[error] Error: An unexpected error has occurred.
